<?xml version="1.0" encoding="UTF-8"?>
<testng-results ignored="0" total="1" passed="1" failed="0" skipped="0">
  <reporter-output>
  </reporter-output>
  <suite started-at="2022-07-07T18:52:19 IST" name="Default suite" finished-at="2022-07-07T18:55:03 IST" duration-ms="163459">
    <groups>
    </groups>
    <test started-at="2022-07-07T18:52:19 IST" name="Default test" finished-at="2022-07-07T18:55:03 IST" duration-ms="163459">
      <class name="normalOperations.DateTimePicker">
        <test-method signature="dateTimePicker()[pri:0, instance:normalOperations.DateTimePicker@69997e9d]" started-at="2022-07-07T18:52:19 IST" name="dateTimePicker" finished-at="2022-07-07T18:55:03 IST" duration-ms="163386" status="PASS">
          <reporter-output>
          </reporter-output>
        </test-method> <!-- dateTimePicker -->
      </class> <!-- normalOperations.DateTimePicker -->
    </test> <!-- Default test -->
  </suite> <!-- Default suite -->
</testng-results>
